[Sun, 28 Feb 2021 00:54:01 GMT] Get Data
[Sun, 28 Feb 2021 00:54:13 GMT] Get Data
[Sun, 28 Feb 2021 00:54:16 GMT] Get Data
[Sun, 28 Feb 2021 00:56:30 GMT] Get Data
[Sun, 28 Feb 2021 00:56:43 GMT] Get Data
[Sun, 28 Feb 2021 00:56:45 GMT] Delete Data
[Sun, 28 Feb 2021 00:56:47 GMT] Post Data
[Sun, 28 Feb 2021 00:56:48 GMT] Put Data
[Sun, 28 Feb 2021 00:56:50 GMT] Patch Data
[Sun, 28 Feb 2021 00:57:07 GMT] Get Data from https://httpbin.org/get
[Sun, 28 Feb 2021 00:57:08 GMT] Delete Data
[Sun, 28 Feb 2021 00:57:09 GMT] Post Data
[Sun, 28 Feb 2021 00:57:11 GMT] Put Data
[Sun, 28 Feb 2021 00:57:12 GMT] Patch Data
[Sun, 28 Feb 2021 00:57:49 GMT] Get Data from https://httpbin.org/get
[Sun, 28 Feb 2021 00:57:52 GMT] Delete Data https://httpbin.org/delete
[Sun, 28 Feb 2021 00:57:54 GMT] Post Data https://httpbin.org/post
[Sun, 28 Feb 2021 00:57:55 GMT] Put Data https://httpbin.org/put
[Sun, 28 Feb 2021 00:57:56 GMT] Patch Data https://httpbin.org/patch
[Sun, 28 Feb 2021 00:58:42 GMT] Get Data https://www.cgv.id/
[Sun, 28 Feb 2021 00:58:42 GMT] Get Data from https://httpbin.org/get
[Sun, 28 Feb 2021 00:58:43 GMT] Delete Data https://httpbin.org/delete
[Sun, 28 Feb 2021 00:58:45 GMT] Post Data https://httpbin.org/post
[Sun, 28 Feb 2021 00:58:46 GMT] Put Data https://httpbin.org/put
[Sun, 28 Feb 2021 00:58:48 GMT] Patch Data https://httpbin.org/patch
